<?xml version="1.0" encoding="UTF-8"?>
<testsuite name="com.junior_dev_starter.tarefa12.ApplicationTests" tests="1" skipped="0" failures="0" errors="0" timestamp="2025-10-05T16:34:42.811Z" hostname="dem" time="0.422">
  <properties/>
  <testcase name="contextLoads()" classname="com.junior_dev_starter.tarefa12.ApplicationTests" time="0.422"/>
  <system-out><![CDATA[13:34:33.325 [Test worker] INFO org.springframework.test.context.support.AnnotationConfigContextLoaderUtils -- Could not detect default configuration classes for test class [com.junior_dev_starter.tarefa12.ApplicationTests]: ApplicationTests does not declare any static, non-private, non-final, nested classes annotated with @Configuration.
13:34:33.526 [Test worker] INFO org.springframework.boot.test.context.SpringBootTestContextBootstrapper -- Found @SpringBootConfiguration com.junior_dev_starter.tarefa12.Application for test class com.junior_dev_starter.tarefa12.ApplicationTests

  .   ____          _            __ _ _
 /\\ / ___'_ __ _ _(_)_ __  __ _ \ \ \ \
( ( )\___ | '_ | '_| | '_ \/ _` | \ \ \ \
 \\/  ___)| |_)| | | | | || (_| |  ) ) ) )
  '  |____| .__|_| |_|_| |_\__, | / / / /
 =========|_|==============|___/=/_/_/_/

 :: Spring Boot ::                (v3.5.4)

2025-10-05T13:34:34.320-03:00  INFO 9038 --- [    Test worker] c.j.tarefa12.ApplicationTests            : Starting ApplicationTests using Java 21.0.7 with PID 9038 (started by everaldo in /home/everaldo/Projetos/junior-dev-starter/alunos/everaldo-martins/tarefa12)
2025-10-05T13:34:34.324-03:00  INFO 9038 --- [    Test worker] c.j.tarefa12.ApplicationTests            : No active profile set, falling back to 1 default profile: "default"
2025-10-05T13:34:36.315-03:00  INFO 9038 --- [    Test worker] .s.d.r.c.RepositoryConfigurationDelegate : Bootstrapping Spring Data JPA repositories in DEFAULT mode.
2025-10-05T13:34:36.424-03:00  INFO 9038 --- [    Test worker] .s.d.r.c.RepositoryConfigurationDelegate : Finished Spring Data repository scanning in 90 ms. Found 1 JPA repository interface.
2025-10-05T13:34:37.303-03:00  INFO 9038 --- [    Test worker] com.zaxxer.hikari.HikariDataSource       : HikariPool-1 - Starting...
2025-10-05T13:34:37.689-03:00  INFO 9038 --- [    Test worker] com.zaxxer.hikari.pool.HikariPool        : HikariPool-1 - Added connection conn0: url=jdbc:h2:mem:tarefa_db user=SA
2025-10-05T13:34:37.692-03:00  INFO 9038 --- [    Test worker] com.zaxxer.hikari.HikariDataSource       : HikariPool-1 - Start completed.
2025-10-05T13:34:37.818-03:00  INFO 9038 --- [    Test worker] org.flywaydb.core.FlywayExecutor         : Database: jdbc:h2:mem:tarefa_db (H2 2.3)
2025-10-05T13:34:37.883-03:00  INFO 9038 --- [    Test worker] o.f.c.i.s.JdbcTableSchemaHistory         : Schema history table "PUBLIC"."flyway_schema_history" does not exist yet
2025-10-05T13:34:37.889-03:00  INFO 9038 --- [    Test worker] o.f.core.internal.command.DbValidate     : Successfully validated 2 migrations (execution time 00:00.032s)
2025-10-05T13:34:37.904-03:00  INFO 9038 --- [    Test worker] o.f.c.i.s.JdbcTableSchemaHistory         : Creating Schema History table "PUBLIC"."flyway_schema_history" ...
2025-10-05T13:34:37.966-03:00  INFO 9038 --- [    Test worker] o.f.core.internal.command.DbMigrate      : Current version of schema "PUBLIC": << Empty Schema >>
2025-10-05T13:34:37.978-03:00  INFO 9038 --- [    Test worker] o.f.core.internal.command.DbMigrate      : Migrating schema "PUBLIC" to version "1 - create tables"
2025-10-05T13:34:38.017-03:00  INFO 9038 --- [    Test worker] o.f.core.internal.command.DbMigrate      : Migrating schema "PUBLIC" to version "2 - insert dados iniciais"
2025-10-05T13:34:38.031-03:00  INFO 9038 --- [    Test worker] o.f.core.internal.command.DbMigrate      : Successfully applied 2 migrations to schema "PUBLIC", now at version v2 (execution time 00:00.028s)
2025-10-05T13:34:38.172-03:00  INFO 9038 --- [    Test worker] o.hibernate.jpa.internal.util.LogHelper  : HHH000204: Processing PersistenceUnitInfo [name: default]
2025-10-05T13:34:38.243-03:00  INFO 9038 --- [    Test worker] org.hibernate.Version                    : HHH000412: Hibernate ORM core version 6.6.22.Final
2025-10-05T13:34:38.293-03:00  INFO 9038 --- [    Test worker] o.h.c.internal.RegionFactoryInitiator    : HHH000026: Second-level cache disabled
2025-10-05T13:34:38.705-03:00  INFO 9038 --- [    Test worker] o.s.o.j.p.SpringPersistenceUnitInfo      : No LoadTimeWeaver setup: ignoring JPA class transformer
2025-10-05T13:34:38.825-03:00  INFO 9038 --- [    Test worker] org.hibernate.orm.connections.pooling    : HHH10001005: Database info:
	Database JDBC URL [Connecting through datasource 'HikariDataSource (HikariPool-1)']
	Database driver: undefined/unknown
	Database version: 2.3.232
	Autocommit mode: undefined/unknown
	Isolation level: undefined/unknown
	Minimum pool size: undefined/unknown
	Maximum pool size: undefined/unknown
2025-10-05T13:34:40.691-03:00  INFO 9038 --- [    Test worker] o.h.e.t.j.p.i.JtaPlatformInitiator       : HHH000489: No JTA platform available (set 'hibernate.transaction.jta.platform' to enable JTA platform integration)
2025-10-05T13:34:40.697-03:00  INFO 9038 --- [    Test worker] j.LocalContainerEntityManagerFactoryBean : Initialized JPA EntityManagerFactory for persistence unit 'default'
2025-10-05T13:34:41.655-03:00  WARN 9038 --- [    Test worker] JpaBaseConfiguration$JpaWebConfiguration : spring.jpa.open-in-view is enabled by default. Therefore, database queries may be performed during view rendering. Explicitly configure spring.jpa.open-in-view to disable this warning
2025-10-05T13:34:42.629-03:00  INFO 9038 --- [    Test worker] o.s.b.a.e.web.EndpointLinksResolver      : Exposing 1 endpoint beneath base path '/actuator'
2025-10-05T13:34:42.708-03:00  INFO 9038 --- [    Test worker] c.j.tarefa12.ApplicationTests            : Started ApplicationTests in 8.896 seconds (process running for 11.153)
]]></system-out>
  <system-err><![CDATA[Mockito is currently self-attaching to enable the inline-mock-maker. This will no longer work in future releases of the JDK. Please add Mockito as an agent to your build as described in Mockito's documentation: https://javadoc.io/doc/org.mockito/mockito-core/latest/org.mockito/org/mockito/Mockito.html#0.3
WARNING: A Java agent has been loaded dynamically (/home/everaldo/.gradle/caches/modules-2/files-2.1/net.bytebuddy/byte-buddy-agent/1.17.6/17b32fd9f57deef02842f7f05abc4ad8127fe34e/byte-buddy-agent-1.17.6.jar)
WARNING: If a serviceability tool is in use, please run with -XX:+EnableDynamicAgentLoading to hide this warning
WARNING: If a serviceability tool is not in use, please run with -Djdk.instrument.traceUsage for more information
WARNING: Dynamic loading of agents will be disallowed by default in a future release
]]></system-err>
</testsuite>
