<?xml version="1.0" encoding="UTF-8"?>
<testsuite name="com.junior_dev_starter.tarefa12.controllers.ClienteControllerIT" tests="8" skipped="0" failures="0" errors="0" timestamp="2025-10-05T16:34:44.254Z" hostname="dem" time="1.083">
  <properties/>
  <testcase name="deveBuscarClientesPorNome()" classname="com.junior_dev_starter.tarefa12.controllers.ClienteControllerIT" time="0.677"/>
  <testcase name="deveBuscarClientePorId()" classname="com.junior_dev_starter.tarefa12.controllers.ClienteControllerIT" time="0.046"/>
  <testcase name="listagemDeveConterLinksHateoas()" classname="com.junior_dev_starter.tarefa12.controllers.ClienteControllerIT" time="0.089"/>
  <testcase name="deveRetornarErroAoCriarClienteComEmailInvalido()" classname="com.junior_dev_starter.tarefa12.controllers.ClienteControllerIT" time="0.091"/>
  <testcase name="deveDeletarCliente()" classname="com.junior_dev_starter.tarefa12.controllers.ClienteControllerIT" time="0.031"/>
  <testcase name="deveCriarClienteComSucesso()" classname="com.junior_dev_starter.tarefa12.controllers.ClienteControllerIT" time="0.071"/>
  <testcase name="deveRetornarNotFoundParaClienteInexistente()" classname="com.junior_dev_starter.tarefa12.controllers.ClienteControllerIT" time="0.025"/>
  <testcase name="deveAtualizarCliente()" classname="com.junior_dev_starter.tarefa12.controllers.ClienteControllerIT" time="0.04"/>
  <system-out><![CDATA[2025-10-05T13:34:43.241-03:00  INFO 9038 --- [    Test worker] t.c.s.AnnotationConfigContextLoaderUtils : Could not detect default configuration classes for test class [com.junior_dev_starter.tarefa12.controllers.ClienteControllerIT]: ClienteControllerIT does not declare any static, non-private, non-final, nested classes annotated with @Configuration.
2025-10-05T13:34:43.257-03:00  INFO 9038 --- [    Test worker] .b.t.c.SpringBootTestContextBootstrapper : Found @SpringBootConfiguration com.junior_dev_starter.tarefa12.Application for test class com.junior_dev_starter.tarefa12.controllers.ClienteControllerIT

  .   ____          _            __ _ _
 /\\ / ___'_ __ _ _(_)_ __  __ _ \ \ \ \
( ( )\___ | '_ | '_| | '_ \/ _` | \ \ \ \
 \\/  ___)| |_)| | | | | || (_| |  ) ) ) )
  '  |____| .__|_| |_|_| |_\__, | / / / /
 =========|_|==============|___/=/_/_/_/

 :: Spring Boot ::                (v3.5.4)

2025-10-05T13:34:43.285-03:00  INFO 9038 --- [    Test worker] c.j.t.controllers.ClienteControllerIT    : Starting ClienteControllerIT using Java 21.0.7 with PID 9038 (started by everaldo in /home/everaldo/Projetos/junior-dev-starter/alunos/everaldo-martins/tarefa12)
2025-10-05T13:34:43.285-03:00  INFO 9038 --- [    Test worker] c.j.t.controllers.ClienteControllerIT    : The following 1 profile is active: "test"
2025-10-05T13:34:43.666-03:00  INFO 9038 --- [    Test worker] .s.d.r.c.RepositoryConfigurationDelegate : Bootstrapping Spring Data JPA repositories in DEFAULT mode.
2025-10-05T13:34:43.679-03:00  INFO 9038 --- [    Test worker] .s.d.r.c.RepositoryConfigurationDelegate : Finished Spring Data repository scanning in 10 ms. Found 1 JPA repository interface.
2025-10-05T13:34:43.805-03:00  INFO 9038 --- [    Test worker] com.zaxxer.hikari.HikariDataSource       : HikariPool-2 - Starting...
2025-10-05T13:34:43.807-03:00  INFO 9038 --- [    Test worker] com.zaxxer.hikari.pool.HikariPool        : HikariPool-2 - Added connection conn10: url=jdbc:h2:mem:tarefa_db user=SA
2025-10-05T13:34:43.807-03:00  INFO 9038 --- [    Test worker] com.zaxxer.hikari.HikariDataSource       : HikariPool-2 - Start completed.
2025-10-05T13:34:43.810-03:00  INFO 9038 --- [    Test worker] org.flywaydb.core.FlywayExecutor         : Database: jdbc:h2:mem:tarefa_db (H2 2.3)
2025-10-05T13:34:43.818-03:00  INFO 9038 --- [    Test worker] o.f.core.internal.command.DbValidate     : Successfully validated 2 migrations (execution time 00:00.004s)
2025-10-05T13:34:43.823-03:00  INFO 9038 --- [    Test worker] o.f.core.internal.command.DbMigrate      : Current version of schema "PUBLIC": 2
2025-10-05T13:34:43.824-03:00  INFO 9038 --- [    Test worker] o.f.core.internal.command.DbMigrate      : Schema "PUBLIC" is up to date. No migration necessary.
2025-10-05T13:34:43.845-03:00  INFO 9038 --- [    Test worker] o.hibernate.jpa.internal.util.LogHelper  : HHH000204: Processing PersistenceUnitInfo [name: default]
2025-10-05T13:34:43.847-03:00  INFO 9038 --- [    Test worker] o.h.c.internal.RegionFactoryInitiator    : HHH000026: Second-level cache disabled
2025-10-05T13:34:43.857-03:00  INFO 9038 --- [    Test worker] o.s.o.j.p.SpringPersistenceUnitInfo      : No LoadTimeWeaver setup: ignoring JPA class transformer
2025-10-05T13:34:43.858-03:00  INFO 9038 --- [    Test worker] org.hibernate.orm.connections.pooling    : HHH10001005: Database info:
	Database JDBC URL [Connecting through datasource 'HikariDataSource (HikariPool-2)']
	Database driver: undefined/unknown
	Database version: 2.3.232
	Autocommit mode: undefined/unknown
	Isolation level: undefined/unknown
	Minimum pool size: undefined/unknown
	Maximum pool size: undefined/unknown
2025-10-05T13:34:43.911-03:00  INFO 9038 --- [    Test worker] o.h.e.t.j.p.i.JtaPlatformInitiator       : HHH000489: No JTA platform available (set 'hibernate.transaction.jta.platform' to enable JTA platform integration)
2025-10-05T13:34:43.911-03:00  INFO 9038 --- [    Test worker] j.LocalContainerEntityManagerFactoryBean : Initialized JPA EntityManagerFactory for persistence unit 'default'
2025-10-05T13:34:44.009-03:00  WARN 9038 --- [    Test worker] JpaBaseConfiguration$JpaWebConfiguration : spring.jpa.open-in-view is enabled by default. Therefore, database queries may be performed during view rendering. Explicitly configure spring.jpa.open-in-view to disable this warning
2025-10-05T13:34:44.215-03:00  INFO 9038 --- [    Test worker] o.s.b.t.m.w.SpringBootMockServletContext : Initializing Spring TestDispatcherServlet ''
2025-10-05T13:34:44.215-03:00  INFO 9038 --- [    Test worker] o.s.t.web.servlet.TestDispatcherServlet  : Initializing Servlet ''
2025-10-05T13:34:44.218-03:00  INFO 9038 --- [    Test worker] o.s.b.a.e.web.EndpointLinksResolver      : Exposing 1 endpoint beneath base path '/actuator'
2025-10-05T13:34:44.225-03:00  INFO 9038 --- [    Test worker] o.s.t.web.servlet.TestDispatcherServlet  : Completed initialization in 9 ms
2025-10-05T13:34:44.251-03:00  INFO 9038 --- [    Test worker] c.j.t.controllers.ClienteControllerIT    : Started ClienteControllerIT in 0.99 seconds (process running for 12.695)
2025-10-05T13:34:44.628-03:00  INFO 9038 --- [    Test worker] c.j.tarefa12.services.ClienteService     : Buscando clientes por nome=Fulano com paginação
2025-10-05T13:34:44.688-03:00  INFO 9038 --- [    Test worker] c.j.tarefa12.services.ClienteService     : Total de clientes retornados nesta busca=1
2025-10-05T13:34:44.952-03:00  INFO 9038 --- [    Test worker] c.j.tarefa12.services.ClienteService     : Buscando cliente por id=7
2025-10-05T13:34:44.962-03:00  INFO 9038 --- [    Test worker] c.j.tarefa12.services.ClienteService     : Cliente encontrado id=7 nome=Fulano de Tal email=fulano@teste.com
2025-10-05T13:34:45.016-03:00  INFO 9038 --- [    Test worker] c.j.tarefa12.services.ClienteService     : Listando clientes - page=0 size=1 sort=id: ASC
2025-10-05T13:34:45.045-03:00  INFO 9038 --- [    Test worker] c.j.tarefa12.services.ClienteService     : Total de clientes retornados nesta página=1
2025-10-05T13:34:45.190-03:00  INFO 9038 --- [    Test worker] c.j.tarefa12.services.ClienteService     : Buscando cliente por id=10
2025-10-05T13:34:45.191-03:00  WARN 9038 --- [    Test worker] c.j.tarefa12.services.ClienteService     : Cliente não encontrado id=10
2025-10-05T13:34:45.237-03:00  INFO 9038 --- [    Test worker] c.j.tarefa12.services.ClienteService     : Criando cliente com email=maria@teste.com
2025-10-05T13:34:45.255-03:00  INFO 9038 --- [    Test worker] c.j.tarefa12.services.ClienteService     : Cliente criado com sucesso id=12 nome=Maria Silva email=maria@teste.com

MockHttpServletRequest:
      HTTP Method = POST
      Request URI = /clientes
       Parameters = {}
          Headers = [Content-Type:"application/json;charset=UTF-8", Content-Length:"62"]
             Body = {
    "nome": "Maria Silva",
    "email": "maria@teste.com"
}

    Session Attrs = {}

Handler:
             Type = com.junior_dev_starter.tarefa12.controllers.ClienteController
           Method = com.junior_dev_starter.tarefa12.controllers.ClienteController#salvar(ClienteRequestDTO)

Async:
    Async started = false
     Async result = null

Resolved Exception:
             Type = null

ModelAndView:
        View name = null
             View = null
            Model = null

FlashMap:
       Attributes = null

MockHttpServletResponse:
           Status = 201
    Error message = null
          Headers = [Content-Type:"application/hal+json"]
     Content type = application/hal+json
             Body = {"id":12,"nome":"Maria Silva","email":"maria@teste.com","_links":{"self":{"href":"http://localhost/clientes/12"},"update":{"href":"http://localhost/clientes/12"},"delete":{"href":"http://localhost/clientes/12"},"all":{"href":"http://localhost/clientes"}}}
    Forwarded URL = null
   Redirected URL = null
          Cookies = []
2025-10-05T13:34:45.289-03:00  INFO 9038 --- [    Test worker] c.j.tarefa12.services.ClienteService     : Buscando cliente por id=999
2025-10-05T13:34:45.292-03:00  WARN 9038 --- [    Test worker] c.j.tarefa12.services.ClienteService     : Cliente não encontrado id=999
2025-10-05T13:34:45.317-03:00  INFO 9038 --- [    Test worker] c.j.tarefa12.services.ClienteService     : Atualizando cliente com email=atualizado@email.com
2025-10-05T13:34:45.329-03:00  INFO 9038 --- [    Test worker] c.j.tarefa12.services.ClienteService     : Cliente atualizado com sucesso id=14 nome=Nome Atualizado email=atualizado@email.com
]]></system-out>
  <system-err><![CDATA[]]></system-err>
</testsuite>
