<?xml version="1.0" encoding="UTF-8"?>
<testsuite name="com.example.springdatajpa.controller.ClienteControllerIT" tests="2" skipped="0" failures="0" errors="0" timestamp="2025-08-28T02:16:12.644Z" hostname="Linux" time="0.607">
  <properties/>
  <testcase name="naoDeveCriarClienteComDadosInvalidos()" classname="com.example.springdatajpa.controller.ClienteControllerIT" time="0.455"/>
  <testcase name="deveCriarClienteEListarComSucesso()" classname="com.example.springdatajpa.controller.ClienteControllerIT" time="0.151"/>
  <system-out><![CDATA[23:16:09.432 [Test worker] INFO org.springframework.test.context.support.AnnotationConfigContextLoaderUtils -- Could not detect default configuration classes for test class [com.example.springdatajpa.controller.ClienteControllerIT]: ClienteControllerIT does not declare any static, non-private, non-final, nested classes annotated with @Configuration.
23:16:09.535 [Test worker] INFO org.springframework.boot.test.context.SpringBootTestContextBootstrapper -- Found @SpringBootConfiguration com.example.springdatajpa.SpringDataJpAeMapeamentoDeRelacionamentosApplication for test class com.example.springdatajpa.controller.ClienteControllerIT

  .   ____          _            __ _ _
 /\\ / ___'_ __ _ _(_)_ __  __ _ \ \ \ \
( ( )\___ | '_ | '_| | '_ \/ _` | \ \ \ \
 \\/  ___)| |_)| | | | | || (_| |  ) ) ) )
  '  |____| .__|_| |_|_| |_\__, | / / / /
 =========|_|==============|___/=/_/_/_/

 :: Spring Boot ::                (v3.5.4)

2025-08-27T23:16:09.796-03:00  INFO 32106 --- [SpringDataJPAeMapeamentoDeRelacionamentos] [    Test worker] c.e.s.controller.ClienteControllerIT     : Starting ClienteControllerIT using Java 21.0.5 with PID 32106 (started by bob in /home/bob/Mileena/Projetos/junior-dev-starter/alunos/emerson-petrillo/tarefa-07/SpringDataJPAeMapeamentoDeRelacionamentos)
2025-08-27T23:16:09.798-03:00  INFO 32106 --- [SpringDataJPAeMapeamentoDeRelacionamentos] [    Test worker] c.e.s.controller.ClienteControllerIT     : No active profile set, falling back to 1 default profile: "default"
2025-08-27T23:16:10.335-03:00  INFO 32106 --- [SpringDataJPAeMapeamentoDeRelacionamentos] [    Test worker] .s.d.r.c.RepositoryConfigurationDelegate : Bootstrapping Spring Data JPA repositories in DEFAULT mode.
2025-08-27T23:16:10.372-03:00  INFO 32106 --- [SpringDataJPAeMapeamentoDeRelacionamentos] [    Test worker] .s.d.r.c.RepositoryConfigurationDelegate : Finished Spring Data repository scanning in 32 ms. Found 1 JPA repository interface.
2025-08-27T23:16:10.722-03:00  INFO 32106 --- [SpringDataJPAeMapeamentoDeRelacionamentos] [    Test worker] com.zaxxer.hikari.HikariDataSource       : HikariPool-1 - Starting...
2025-08-27T23:16:10.829-03:00  INFO 32106 --- [SpringDataJPAeMapeamentoDeRelacionamentos] [    Test worker] com.zaxxer.hikari.pool.HikariPool        : HikariPool-1 - Added connection conn0: url=jdbc:h2:mem:tarefadb user=ADMIN
2025-08-27T23:16:10.830-03:00  INFO 32106 --- [SpringDataJPAeMapeamentoDeRelacionamentos] [    Test worker] com.zaxxer.hikari.HikariDataSource       : HikariPool-1 - Start completed.
2025-08-27T23:16:10.864-03:00  INFO 32106 --- [SpringDataJPAeMapeamentoDeRelacionamentos] [    Test worker] org.flywaydb.core.FlywayExecutor         : Database: jdbc:h2:mem:tarefadb (H2 2.3)
2025-08-27T23:16:10.884-03:00  INFO 32106 --- [SpringDataJPAeMapeamentoDeRelacionamentos] [    Test worker] o.f.c.i.s.JdbcTableSchemaHistory         : Schema history table "PUBLIC"."flyway_schema_history" does not exist yet
2025-08-27T23:16:10.886-03:00  INFO 32106 --- [SpringDataJPAeMapeamentoDeRelacionamentos] [    Test worker] o.f.core.internal.command.DbValidate     : Successfully validated 2 migrations (execution time 00:00.010s)
2025-08-27T23:16:10.891-03:00  INFO 32106 --- [SpringDataJPAeMapeamentoDeRelacionamentos] [    Test worker] o.f.c.i.s.JdbcTableSchemaHistory         : Creating Schema History table "PUBLIC"."flyway_schema_history" ...
2025-08-27T23:16:10.921-03:00  INFO 32106 --- [SpringDataJPAeMapeamentoDeRelacionamentos] [    Test worker] o.f.core.internal.command.DbMigrate      : Current version of schema "PUBLIC": << Empty Schema >>
2025-08-27T23:16:10.929-03:00  INFO 32106 --- [SpringDataJPAeMapeamentoDeRelacionamentos] [    Test worker] o.f.core.internal.command.DbMigrate      : Migrating schema "PUBLIC" to version "1 - create tables"
2025-08-27T23:16:10.946-03:00  INFO 32106 --- [SpringDataJPAeMapeamentoDeRelacionamentos] [    Test worker] o.f.core.internal.command.DbMigrate      : Migrating schema "PUBLIC" to version "2 - insert dados iniciais"
2025-08-27T23:16:10.953-03:00  INFO 32106 --- [SpringDataJPAeMapeamentoDeRelacionamentos] [    Test worker] o.f.core.internal.command.DbMigrate      : Successfully applied 2 migrations to schema "PUBLIC", now at version v2 (execution time 00:00.012s)
2025-08-27T23:16:11.015-03:00  INFO 32106 --- [SpringDataJPAeMapeamentoDeRelacionamentos] [    Test worker] o.hibernate.jpa.internal.util.LogHelper  : HHH000204: Processing PersistenceUnitInfo [name: default]
2025-08-27T23:16:11.042-03:00  INFO 32106 --- [SpringDataJPAeMapeamentoDeRelacionamentos] [    Test worker] org.hibernate.Version                    : HHH000412: Hibernate ORM core version 6.6.22.Final
2025-08-27T23:16:11.065-03:00  INFO 32106 --- [SpringDataJPAeMapeamentoDeRelacionamentos] [    Test worker] o.h.c.internal.RegionFactoryInitiator    : HHH000026: Second-level cache disabled
2025-08-27T23:16:11.230-03:00  INFO 32106 --- [SpringDataJPAeMapeamentoDeRelacionamentos] [    Test worker] o.s.o.j.p.SpringPersistenceUnitInfo      : No LoadTimeWeaver setup: ignoring JPA class transformer
2025-08-27T23:16:11.256-03:00  WARN 32106 --- [SpringDataJPAeMapeamentoDeRelacionamentos] [    Test worker] org.hibernate.orm.deprecation            : HHH90000025: H2Dialect does not need to be specified explicitly using 'hibernate.dialect' (remove the property setting and it will be selected by default)
2025-08-27T23:16:11.265-03:00  INFO 32106 --- [SpringDataJPAeMapeamentoDeRelacionamentos] [    Test worker] org.hibernate.orm.connections.pooling    : HHH10001005: Database info:
	Database JDBC URL [Connecting through datasource 'HikariDataSource (HikariPool-1)']
	Database driver: undefined/unknown
	Database version: 2.3.232
	Autocommit mode: undefined/unknown
	Isolation level: undefined/unknown
	Minimum pool size: undefined/unknown
	Maximum pool size: undefined/unknown
2025-08-27T23:16:11.801-03:00  INFO 32106 --- [SpringDataJPAeMapeamentoDeRelacionamentos] [    Test worker] o.h.e.t.j.p.i.JtaPlatformInitiator       : HHH000489: No JTA platform available (set 'hibernate.transaction.jta.platform' to enable JTA platform integration)
2025-08-27T23:16:11.803-03:00  INFO 32106 --- [SpringDataJPAeMapeamentoDeRelacionamentos] [    Test worker] j.LocalContainerEntityManagerFactoryBean : Initialized JPA EntityManagerFactory for persistence unit 'default'
2025-08-27T23:16:12.219-03:00  WARN 32106 --- [SpringDataJPAeMapeamentoDeRelacionamentos] [    Test worker] JpaBaseConfiguration$JpaWebConfiguration : spring.jpa.open-in-view is enabled by default. Therefore, database queries may be performed during view rendering. Explicitly configure spring.jpa.open-in-view to disable this warning
2025-08-27T23:16:12.533-03:00  INFO 32106 --- [SpringDataJPAeMapeamentoDeRelacionamentos] [    Test worker] o.s.b.a.h2.H2ConsoleAutoConfiguration    : H2 console available at '/h2-console'. Database available at 'jdbc:h2:mem:tarefadb'
2025-08-27T23:16:12.589-03:00  INFO 32106 --- [SpringDataJPAeMapeamentoDeRelacionamentos] [    Test worker] o.s.b.t.m.w.SpringBootMockServletContext : Initializing Spring TestDispatcherServlet ''
2025-08-27T23:16:12.589-03:00  INFO 32106 --- [SpringDataJPAeMapeamentoDeRelacionamentos] [    Test worker] o.s.t.web.servlet.TestDispatcherServlet  : Initializing Servlet ''
2025-08-27T23:16:12.591-03:00  INFO 32106 --- [SpringDataJPAeMapeamentoDeRelacionamentos] [    Test worker] o.s.t.web.servlet.TestDispatcherServlet  : Completed initialization in 1 ms
2025-08-27T23:16:12.631-03:00  INFO 32106 --- [SpringDataJPAeMapeamentoDeRelacionamentos] [    Test worker] c.e.s.controller.ClienteControllerIT     : Started ClienteControllerIT in 3.008 seconds (process running for 3.719)
2025-08-27T23:16:13.105-03:00  INFO 32106 --- [SpringDataJPAeMapeamentoDeRelacionamentos] [    Test worker] c.e.s.service.ClienteService             : Iniciando processo de criação de cliente com email: integracao@teste.com
Hibernate: 
    select
        c1_0.id 
    from
        cliente c1_0 
    where
        c1_0.email=? 
    fetch
        first ? rows only
Hibernate: 
    insert 
    into
        cliente
        (email, nome, id) 
    values
        (?, ?, default)
2025-08-27T23:16:13.196-03:00  INFO 32106 --- [SpringDataJPAeMapeamentoDeRelacionamentos] [    Test worker] c.e.s.service.ClienteService             : Cliente criado com sucesso! id=3, nome=Cliente de Integração
2025-08-27T23:16:13.205-03:00  INFO 32106 --- [SpringDataJPAeMapeamentoDeRelacionamentos] [    Test worker] c.e.s.service.ClienteService             : Buscando lista paginada de clientes. Página: 0, Tamanho: 5
Hibernate: 
    select
        c1_0.id,
        c1_0.email,
        c1_0.nome 
    from
        cliente c1_0 
    order by
        c1_0.nome 
    offset
        ? rows 
    fetch
        first ? rows only
Hibernate: 
    select
        e1_0.id,
        e1_0.cidade,
        c1_0.id,
        c1_0.email,
        c1_0.nome,
        e1_0.estado,
        e1_0.logradouro 
    from
        endereco e1_0 
    left join
        cliente c1_0 
            on c1_0.id=e1_0.cliente_id 
    where
        e1_0.cliente_id=?
Hibernate: 
    select
        e1_0.id,
        e1_0.cidade,
        c1_0.id,
        c1_0.email,
        c1_0.nome,
        e1_0.estado,
        e1_0.logradouro 
    from
        endereco e1_0 
    left join
        cliente c1_0 
            on c1_0.id=e1_0.cliente_id 
    where
        e1_0.cliente_id=?
2025-08-27T23:16:13.233-03:00  INFO 32106 --- [SpringDataJPAeMapeamentoDeRelacionamentos] [    Test worker] c.e.s.service.ClienteService             : Encontrados 3 clientes na página 0
2025-08-27T23:16:13.237-03:00  WARN 32106 --- [SpringDataJPAeMapeamentoDeRelacionamentos] [    Test worker] ration$PageModule$WarningLoggingModifier : Serializing PageImpl instances as-is is not supported, meaning that there is no guarantee about the stability of the resulting JSON structure!
	For a stable JSON structure, please use Spring Data's PagedModel (globally via @EnableSpringDataWebSupport(pageSerializationMode = VIA_DTO))
	or Spring HATEOAS and Spring Data's PagedResourcesAssembler as documented in https://docs.spring.io/spring-data/commons/reference/repositories/core-extensions.html#core.web.pageables.

]]></system-out>
  <system-err><![CDATA[Mockito is currently self-attaching to enable the inline-mock-maker. This will no longer work in future releases of the JDK. Please add Mockito as an agent to your build as described in Mockito's documentation: https://javadoc.io/doc/org.mockito/mockito-core/latest/org.mockito/org/mockito/Mockito.html#0.3
WARNING: A Java agent has been loaded dynamically (/home/bob/.gradle/caches/modules-2/files-2.1/net.bytebuddy/byte-buddy-agent/1.17.6/17b32fd9f57deef02842f7f05abc4ad8127fe34e/byte-buddy-agent-1.17.6.jar)
WARNING: If a serviceability tool is in use, please run with -XX:+EnableDynamicAgentLoading to hide this warning
WARNING: If a serviceability tool is not in use, please run with -Djdk.instrument.traceUsage for more information
WARNING: Dynamic loading of agents will be disallowed by default in a future release
]]></system-err>
</testsuite>
